Namespace(adam_epsilon=1e-08, add_lang_ids=False, add_task_prefix=False, beam_size=10, config_name='', data_dir='./data', do_eval=True, do_lower_case=False, do_test=True, do_train=True, early_stop_threshold=10, eval_batch_size=32, eval_steps=-1, gradient_accumulation_steps=2, lang=None, learning_rate=5e-05, load_model_path=None, local_rank=-1, log_dir='./log', max_grad_norm=1.0, max_source_length=128, max_steps=-1, max_target_length=128, model_name_or_path=None, model_type=None, no_cuda=False, num_train_epochs=20, output_dir='./pr_model', seed=42, tokenizer_name='', train_batch_size=128, train_steps=-1, visible_gpu='0', warm_up_ratio=0.1, weight_decay=0.0)
Process rank: -1, device: cuda, n_gpu: 1, distributed training: False, model_name: Salesforce/codet5-small
Model created!!
[[{'text': 'public virtual ListSpeechSynthesisTasksResponse ListSpeechSynthesisTasks(ListSpeechSynthesisTasksRequest request){var options = new InvokeOptions();options.RequestMarshaller = ListSpeechSynthesisTasksRequestMarshaller.Instance;options.ResponseUnmarshaller = ListSpeechSynthesisTasksResponseUnmarshaller.Instance;return Invoke<ListSpeechSynthesisTasksResponse>(request, options);}\n', 'loss_ids': 0, 'shortenable_ids': 1}, {'text': '<mask>', 'loss_ids': 1, 'shortenable_ids': 0}], {'guid': 0, 'tgt_text': 'public ListSpeechSynthesisTasksResult listSpeechSynthesisTasks(ListSpeechSynthesisTasksRequest request) {request = beforeClientExecution(request);return executeListSpeechSynthesisTasks(request);}\n'}]
***** Running training *****
  Num examples = 10295
  Batch size = 128
  Num epoch = 20

***** Running evaluation *****
  Num examples = 512
  Batch size = 32
  epoch = 0
  eval_ppl = 5.670646004072674e+302
  global_step = 41
  train_loss = 106.2485
  ********************
Previous best ppl:inf
Achieve Best ppl:5.670646004072674e+302
  ********************
BLEU file: ./data//valid.jsonl
  bleu-4 = 12.48 	 Previous best bleu 0
  ********************
 Achieve Best bleu:12.48
  ********************

***** Running evaluation *****
  Num examples = 512
  Batch size = 32
  epoch = 1
  eval_ppl = inf
  global_step = 81
  train_loss = 33.0011
  ********************
Previous best ppl:5.670646004072674e+302
BLEU file: ./data//valid.jsonl
  bleu-4 = 19.09 	 Previous best bleu 12.48
  ********************
 Achieve Best bleu:19.09
  ********************

***** Running evaluation *****
  Num examples = 512
  Batch size = 32
  epoch = 2
  eval_ppl = inf
  global_step = 121
  train_loss = 25.0431
  ********************
Previous best ppl:5.670646004072674e+302
BLEU file: ./data//valid.jsonl
  bleu-4 = 20.03 	 Previous best bleu 19.09
  ********************
 Achieve Best bleu:20.03
  ********************

***** Running evaluation *****
  Num examples = 512
  Batch size = 32
  epoch = 3
  eval_ppl = inf
  global_step = 161
  train_loss = 22.1377
  ********************
Previous best ppl:5.670646004072674e+302
BLEU file: ./data//valid.jsonl
  bleu-4 = 20.56 	 Previous best bleu 20.03
  ********************
 Achieve Best bleu:20.56
  ********************

***** Running evaluation *****
  Num examples = 512
  Batch size = 32
  epoch = 4
  eval_ppl = inf
  global_step = 201
  train_loss = 20.5011
  ********************
Previous best ppl:5.670646004072674e+302
BLEU file: ./data//valid.jsonl
  bleu-4 = 20.74 	 Previous best bleu 20.56
  ********************
 Achieve Best bleu:20.74
  ********************

***** Running evaluation *****
  Num examples = 512
  Batch size = 32
  epoch = 5
  eval_ppl = inf
  global_step = 241
  train_loss = 19.2606
  ********************
Previous best ppl:5.670646004072674e+302
BLEU file: ./data//valid.jsonl
  bleu-4 = 20.76 	 Previous best bleu 20.74
  ********************
 Achieve Best bleu:20.76
  ********************

***** Running evaluation *****
  Num examples = 512
  Batch size = 32
  epoch = 6
  eval_ppl = inf
  global_step = 281
  train_loss = 18.2671
  ********************
Previous best ppl:5.670646004072674e+302
BLEU file: ./data//valid.jsonl
  bleu-4 = 20.9 	 Previous best bleu 20.76
  ********************
 Achieve Best bleu:20.9
  ********************

***** Running evaluation *****
  Num examples = 512
  Batch size = 32
  epoch = 7
  eval_ppl = inf
  global_step = 321
  train_loss = 17.6197
  ********************
Previous best ppl:5.670646004072674e+302
BLEU file: ./data//valid.jsonl
  bleu-4 = 21.15 	 Previous best bleu 20.9
  ********************
 Achieve Best bleu:21.15
  ********************

***** Running evaluation *****
  Num examples = 512
  Batch size = 32
  epoch = 8
  eval_ppl = inf
  global_step = 361
  train_loss = 17.0594
  ********************
Previous best ppl:5.670646004072674e+302
BLEU file: ./data//valid.jsonl
  bleu-4 = 21.21 	 Previous best bleu 21.15
  ********************
 Achieve Best bleu:21.21
  ********************

***** Running evaluation *****
  Num examples = 512
  Batch size = 32
  epoch = 9
  eval_ppl = inf
  global_step = 401
  train_loss = 16.4875
  ********************
Previous best ppl:5.670646004072674e+302
BLEU file: ./data//valid.jsonl
  bleu-4 = 21.4 	 Previous best bleu 21.21
  ********************
 Achieve Best bleu:21.4
  ********************

***** Running evaluation *****
  Num examples = 512
  Batch size = 32
  epoch = 10
  eval_ppl = inf
  global_step = 441
  train_loss = 16.1298
  ********************
Previous best ppl:5.670646004072674e+302
BLEU file: ./data//valid.jsonl
  bleu-4 = 21.45 	 Previous best bleu 21.4
  ********************
 Achieve Best bleu:21.45
  ********************

***** Running evaluation *****
  Num examples = 512
  Batch size = 32
  epoch = 11
  eval_ppl = inf
  global_step = 481
  train_loss = 15.6716
  ********************
Previous best ppl:5.670646004072674e+302
BLEU file: ./data//valid.jsonl
  bleu-4 = 21.65 	 Previous best bleu 21.45
  ********************
 Achieve Best bleu:21.65
  ********************

***** Running evaluation *****
  Num examples = 512
  Batch size = 32
  epoch = 12
  eval_ppl = inf
  global_step = 521
  train_loss = 15.3442
  ********************
Previous best ppl:5.670646004072674e+302
BLEU file: ./data//valid.jsonl
  bleu-4 = 21.68 	 Previous best bleu 21.65
  ********************
 Achieve Best bleu:21.68
  ********************

***** Running evaluation *****
  Num examples = 512
  Batch size = 32
  epoch = 13
  eval_ppl = inf
  global_step = 561
  train_loss = 15.0683
  ********************
Previous best ppl:5.670646004072674e+302
BLEU file: ./data//valid.jsonl
  bleu-4 = 21.5 	 Previous best bleu 21.68
  ********************

***** Running evaluation *****
  Num examples = 512
  Batch size = 32
  epoch = 14
  eval_ppl = inf
  global_step = 601
  train_loss = 14.8331
  ********************
Previous best ppl:5.670646004072674e+302
BLEU file: ./data//valid.jsonl
  bleu-4 = 21.74 	 Previous best bleu 21.68
  ********************
 Achieve Best bleu:21.74
  ********************

***** Running evaluation *****
  Num examples = 512
  Batch size = 32
  epoch = 15
  eval_ppl = inf
  global_step = 641
  train_loss = 14.6478
  ********************
Previous best ppl:5.670646004072674e+302
BLEU file: ./data//valid.jsonl
  bleu-4 = 21.73 	 Previous best bleu 21.74
  ********************

***** Running evaluation *****
  Num examples = 512
  Batch size = 32
  epoch = 16
  eval_ppl = inf
  global_step = 681
  train_loss = 14.5235
  ********************
Previous best ppl:5.670646004072674e+302
BLEU file: ./data//valid.jsonl
  bleu-4 = 21.78 	 Previous best bleu 21.74
  ********************
 Achieve Best bleu:21.78
  ********************

***** Running evaluation *****
  Num examples = 512
  Batch size = 32
  epoch = 17
  eval_ppl = inf
  global_step = 721
  train_loss = 14.3988
  ********************
Previous best ppl:5.670646004072674e+302
BLEU file: ./data//valid.jsonl
  bleu-4 = 21.77 	 Previous best bleu 21.78
  ********************

***** Running evaluation *****
  Num examples = 512
  Batch size = 32
  epoch = 18
  eval_ppl = inf
  global_step = 761
  train_loss = 14.3039
  ********************
Previous best ppl:5.670646004072674e+302
BLEU file: ./data//valid.jsonl
  bleu-4 = 21.79 	 Previous best bleu 21.78
  ********************
 Achieve Best bleu:21.79
  ********************

***** Running evaluation *****
  Num examples = 512
  Batch size = 32
  epoch = 19
  eval_ppl = inf
  global_step = 801
  train_loss = 14.2381
  ********************
Previous best ppl:5.670646004072674e+302
BLEU file: ./data//valid.jsonl
  bleu-4 = 21.79 	 Previous best bleu 21.79
  ********************
reload model from None
BLEU file: ./data//valid.jsonl
  bleu-4 = 21.79 
  ********************
BLEU file: ./data//test.jsonl
  bleu-4 = 21.79 
  ********************
Finish training and take 21m
